<?xml version="1.0" encoding="UTF-8" ?>
<testsuite tests="17" failures="17" name="com.training.epam.ticketservice.at.TestExecutor" time="1,167.366" errors="0" skipped="0">
  <properties>
[...]
</properties>
  <testcase classname="allow creating accounts and logging in" name="the admin account exists by default and can be logged in with the correct password" time="33.62">
    <failure message="
Expected: &quot;Signed in with privileged account &apos;admin&apos;&quot;
     but: was &quot;&amp;#27;[31md&amp;#27;[0m&amp;#27;[31me&amp;#27;[0m&amp;#27;[31ms&amp;#27;[0m&amp;#27;[31mc&amp;#27;[0m&amp;#27;[31mr&amp;#27;[0m&amp;#27;[31mi&amp;#27;[0m&amp;#27;[31mb&amp;#27;[0m&amp;#27;[31me&amp;#27;[0m&amp;#27;[31m &amp;#27;[0m&amp;#27;[31ma&amp;#27;[0m&amp;#27;[31mc&amp;#27;[0m&amp;#27;[31mc&amp;#27;[0m&amp;#27;[31mo&amp;#27;[0m&amp;#27;[31mu&amp;#27;[0m&amp;#27;[31mn&amp;#27;[0m&amp;#27;[15D&amp;#27;[1mdescribe account&amp;#27;[0m&amp;#27;[KSigned in with privileged account &apos;admin&apos;&quot;" type="java.lang.AssertionError">java.lang.AssertionError: 
Expected: &quot;Signed in with privileged account &apos;admin&apos;&quot;
     but: was &quot;&amp;#27;[31md&amp;#27;[0m&amp;#27;[31me&amp;#27;[0m&amp;#27;[31ms&amp;#27;[0m&amp;#27;[31mc&amp;#27;[0m&amp;#27;[31mr&amp;#27;[0m&amp;#27;[31mi&amp;#27;[0m&amp;#27;[31mb&amp;#27;[0m&amp;#27;[31me&amp;#27;[0m&amp;#27;[31m &amp;#27;[0m&amp;#27;[31ma&amp;#27;[0m&amp;#27;[31mc&amp;#27;[0m&amp;#27;[31mc&amp;#27;[0m&amp;#27;[31mo&amp;#27;[0m&amp;#27;[31mu&amp;#27;[0m&amp;#27;[31mn&amp;#27;[0m&amp;#27;[15D&amp;#27;[1mdescribe account&amp;#27;[0m&amp;#27;[KSigned in with privileged account &apos;admin&apos;&quot;
	at org.hamcrest.MatcherAssert.assertThat(MatcherAssert.java:20)
	at org.hamcrest.MatcherAssert.assertThat(MatcherAssert.java:8)
	at com.training.epam.ticketservice.at.GenericCliProcessStepDefs.theNextLineOfOutputContains(GenericCliProcessStepDefs.java:43)
	at ✽.the next line of the output is &quot;Signed in with privileged account &apos;admin&apos;&quot;(file:///C:/Users/Hp/Desktop/Beadandok/Java%20fejlesztes%20a%20gyakorlatban/epam-deik-java-dev/final/ticket-service-acceptance-tests/src/test/resources/features/accounts.feature:11)
</failure>
    <system-err>SLF4J: Class path contains multiple SLF4J bindings.
SLF4J: Found binding in [jar:file:/C:/Users/Hp/.m2/repository/ch/qos/logback/logback-classic/1.2.6/logback-classic-1.2.6.jar!/org/slf4j/impl/StaticLoggerBinder.class]
SLF4J: Found binding in [jar:file:/C:/Users/Hp/.m2/repository/org/slf4j/slf4j-simple/1.7.30/slf4j-simple-1.7.30.jar!/org/slf4j/impl/StaticLoggerBinder.class]
SLF4J: See http://www.slf4j.org/codes.html#multiple_bindings for an explanation.
SLF4J: Actual binding is of type [ch.qos.logback.classic.util.ContextSelectorStaticBinder]
</system-err>
  </testcase>
  <testcase classname="allow creating accounts and logging in" name="the admin account can be signed out" time="41.16">
    <failure message="
Expected: &quot;You are not signed in&quot;
     but: was &quot;&amp;#27;[31md&amp;#27;[0m&amp;#27;[31me&amp;#27;[0m&amp;#27;[31ms&amp;#27;[0m&amp;#27;[31mc&amp;#27;[0m&amp;#27;[31mr&amp;#27;[0m&amp;#27;[31mi&amp;#27;[0m&amp;#27;[31mb&amp;#27;[0m&amp;#27;[31me&amp;#27;[0m&amp;#27;[31m &amp;#27;[0m&amp;#27;[31ma&amp;#27;[0m&amp;#27;[31mc&amp;#27;[0m&amp;#27;[31mc&amp;#27;[0m&amp;#27;[31mo&amp;#27;[0m&amp;#27;[31mu&amp;#27;[0m&amp;#27;[31mn&amp;#27;[0m&amp;#27;[15D&amp;#27;[1mdescribe account&amp;#27;[0m&amp;#27;[KYou are not signed in&quot;" type="java.lang.AssertionError">java.lang.AssertionError: 
Expected: &quot;You are not signed in&quot;
     but: was &quot;&amp;#27;[31md&amp;#27;[0m&amp;#27;[31me&amp;#27;[0m&amp;#27;[31ms&amp;#27;[0m&amp;#27;[31mc&amp;#27;[0m&amp;#27;[31mr&amp;#27;[0m&amp;#27;[31mi&amp;#27;[0m&amp;#27;[31mb&amp;#27;[0m&amp;#27;[31me&amp;#27;[0m&amp;#27;[31m &amp;#27;[0m&amp;#27;[31ma&amp;#27;[0m&amp;#27;[31mc&amp;#27;[0m&amp;#27;[31mc&amp;#27;[0m&amp;#27;[31mo&amp;#27;[0m&amp;#27;[31mu&amp;#27;[0m&amp;#27;[31mn&amp;#27;[0m&amp;#27;[15D&amp;#27;[1mdescribe account&amp;#27;[0m&amp;#27;[KYou are not signed in&quot;
	at org.hamcrest.MatcherAssert.assertThat(MatcherAssert.java:20)
	at org.hamcrest.MatcherAssert.assertThat(MatcherAssert.java:8)
	at com.training.epam.ticketservice.at.GenericCliProcessStepDefs.theNextLineOfOutputContains(GenericCliProcessStepDefs.java:43)
	at ✽.the next line of the output is &quot;You are not signed in&quot;(file:///C:/Users/Hp/Desktop/Beadandok/Java%20fejlesztes%20a%20gyakorlatban/epam-deik-java-dev/final/ticket-service-acceptance-tests/src/test/resources/features/accounts.feature:18)
</failure>
  </testcase>
  <testcase classname="allow creating accounts and logging in" name="the admin account can not be logged in with incorrect password" time="20.1">
    <failure message="
Expected: &quot;Login failed due to incorrect credentials&quot;
     but: was &quot;&amp;#27;[31ms&amp;#27;[0m&amp;#27;[31mi&amp;#27;[0m&amp;#27;[31mg&amp;#27;[0m&amp;#27;[31mn&amp;#27;[0m&amp;#27;[31m &amp;#27;[0m&amp;#27;[31mi&amp;#27;[0m&amp;#27;[31mn&amp;#27;[0m&amp;#27;[31m &amp;#27;[0m&amp;#27;[31mp&amp;#27;[0m&amp;#27;[31mr&amp;#27;[0m&amp;#27;[31mi&amp;#27;[0m&amp;#27;[31mv&amp;#27;[0m&amp;#27;[31mi&amp;#27;[0m&amp;#27;[31ml&amp;#27;[0m&amp;#27;[31me&amp;#27;[0m&amp;#27;[31mg&amp;#27;[0m&amp;#27;[31me&amp;#27;[0m&amp;#27;[17D&amp;#27;[1msign in privileged&amp;#27;[0m&amp;#27;[K admin asdQWE123Login failed due to incorrect credentials&quot;" type="java.lang.AssertionError">java.lang.AssertionError: 
Expected: &quot;Login failed due to incorrect credentials&quot;
     but: was &quot;&amp;#27;[31ms&amp;#27;[0m&amp;#27;[31mi&amp;#27;[0m&amp;#27;[31mg&amp;#27;[0m&amp;#27;[31mn&amp;#27;[0m&amp;#27;[31m &amp;#27;[0m&amp;#27;[31mi&amp;#27;[0m&amp;#27;[31mn&amp;#27;[0m&amp;#27;[31m &amp;#27;[0m&amp;#27;[31mp&amp;#27;[0m&amp;#27;[31mr&amp;#27;[0m&amp;#27;[31mi&amp;#27;[0m&amp;#27;[31mv&amp;#27;[0m&amp;#27;[31mi&amp;#27;[0m&amp;#27;[31ml&amp;#27;[0m&amp;#27;[31me&amp;#27;[0m&amp;#27;[31mg&amp;#27;[0m&amp;#27;[31me&amp;#27;[0m&amp;#27;[17D&amp;#27;[1msign in privileged&amp;#27;[0m&amp;#27;[K admin asdQWE123Login failed due to incorrect credentials&quot;
	at org.hamcrest.MatcherAssert.assertThat(MatcherAssert.java:20)
	at org.hamcrest.MatcherAssert.assertThat(MatcherAssert.java:8)
	at com.training.epam.ticketservice.at.GenericCliProcessStepDefs.theNextLineOfOutputContains(GenericCliProcessStepDefs.java:43)
	at ✽.the next line of the output is &quot;Login failed due to incorrect credentials&quot;(file:///C:/Users/Hp/Desktop/Beadandok/Java%20fejlesztes%20a%20gyakorlatban/epam-deik-java-dev/final/ticket-service-acceptance-tests/src/test/resources/features/accounts.feature:23)
</failure>
  </testcase>
  <testcase classname="allows creating movie descriptions" name="an admin user can create and list movies" time="41.397">
    <failure message="
Expected: &quot;Sátántangó (drama, 450 minutes)&quot;
     but: was &quot;&amp;#27;[31ml&amp;#27;[0m&amp;#27;[31mi&amp;#27;[0m&amp;#27;[31ms&amp;#27;[0m&amp;#27;[31mt&amp;#27;[0m&amp;#27;[31m &amp;#27;[0m&amp;#27;[31mm&amp;#27;[0m&amp;#27;[31mo&amp;#27;[0m&amp;#27;[31mv&amp;#27;[0m&amp;#27;[31mi&amp;#27;[0m&amp;#27;[31me&amp;#27;[0m&amp;#27;[10D&amp;#27;[1mlist movies&amp;#27;[0m&amp;#27;[KSátántangó (drama, 450 minutes)&quot;" type="java.lang.AssertionError">java.lang.AssertionError: 
Expected: &quot;Sátántangó (drama, 450 minutes)&quot;
     but: was &quot;&amp;#27;[31ml&amp;#27;[0m&amp;#27;[31mi&amp;#27;[0m&amp;#27;[31ms&amp;#27;[0m&amp;#27;[31mt&amp;#27;[0m&amp;#27;[31m &amp;#27;[0m&amp;#27;[31mm&amp;#27;[0m&amp;#27;[31mo&amp;#27;[0m&amp;#27;[31mv&amp;#27;[0m&amp;#27;[31mi&amp;#27;[0m&amp;#27;[31me&amp;#27;[0m&amp;#27;[10D&amp;#27;[1mlist movies&amp;#27;[0m&amp;#27;[KSátántangó (drama, 450 minutes)&quot;
	at org.hamcrest.MatcherAssert.assertThat(MatcherAssert.java:20)
	at org.hamcrest.MatcherAssert.assertThat(MatcherAssert.java:8)
	at com.training.epam.ticketservice.at.GenericCliProcessStepDefs.theNextLineOfOutputContains(GenericCliProcessStepDefs.java:43)
	at ✽.the next line of the output is &quot;Sátántangó (drama, 450 minutes)&quot;(file:///C:/Users/Hp/Desktop/Beadandok/Java%20fejlesztes%20a%20gyakorlatban/epam-deik-java-dev/final/ticket-service-acceptance-tests/src/test/resources/features/movies.feature:11)
</failure>
  </testcase>
  <testcase classname="allows creating movie descriptions" name="an admin user can update a movie" time="50.089">
    <failure message="
Expected: &quot;Sátántangó (drama, 450 minutes)&quot;
     but: was &quot;&amp;#27;[31ml&amp;#27;[0m&amp;#27;[31mi&amp;#27;[0m&amp;#27;[31ms&amp;#27;[0m&amp;#27;[31mt&amp;#27;[0m&amp;#27;[31m &amp;#27;[0m&amp;#27;[31mm&amp;#27;[0m&amp;#27;[31mo&amp;#27;[0m&amp;#27;[31mv&amp;#27;[0m&amp;#27;[31mi&amp;#27;[0m&amp;#27;[31me&amp;#27;[0m&amp;#27;[10D&amp;#27;[1mlist movies&amp;#27;[0m&amp;#27;[KSátántangó (drama, 450 minutes)&quot;" type="java.lang.AssertionError">java.lang.AssertionError: 
Expected: &quot;Sátántangó (drama, 450 minutes)&quot;
     but: was &quot;&amp;#27;[31ml&amp;#27;[0m&amp;#27;[31mi&amp;#27;[0m&amp;#27;[31ms&amp;#27;[0m&amp;#27;[31mt&amp;#27;[0m&amp;#27;[31m &amp;#27;[0m&amp;#27;[31mm&amp;#27;[0m&amp;#27;[31mo&amp;#27;[0m&amp;#27;[31mv&amp;#27;[0m&amp;#27;[31mi&amp;#27;[0m&amp;#27;[31me&amp;#27;[0m&amp;#27;[10D&amp;#27;[1mlist movies&amp;#27;[0m&amp;#27;[KSátántangó (drama, 450 minutes)&quot;
	at org.hamcrest.MatcherAssert.assertThat(MatcherAssert.java:20)
	at org.hamcrest.MatcherAssert.assertThat(MatcherAssert.java:8)
	at com.training.epam.ticketservice.at.GenericCliProcessStepDefs.theNextLineOfOutputContains(GenericCliProcessStepDefs.java:43)
	at ✽.the next line of the output is &quot;Sátántangó (drama, 450 minutes)&quot;(file:///C:/Users/Hp/Desktop/Beadandok/Java%20fejlesztes%20a%20gyakorlatban/epam-deik-java-dev/final/ticket-service-acceptance-tests/src/test/resources/features/movies.feature:19)
</failure>
  </testcase>
  <testcase classname="allows creating movie descriptions" name="an admin user can delete a movie" time="50.838">
    <failure message="
Expected: &quot;There are no movies at the moment&quot;
     but: was &quot;&amp;#27;[31ml&amp;#27;[0m&amp;#27;[31mi&amp;#27;[0m&amp;#27;[31ms&amp;#27;[0m&amp;#27;[31mt&amp;#27;[0m&amp;#27;[31m &amp;#27;[0m&amp;#27;[31mm&amp;#27;[0m&amp;#27;[31mo&amp;#27;[0m&amp;#27;[31mv&amp;#27;[0m&amp;#27;[31mi&amp;#27;[0m&amp;#27;[31me&amp;#27;[0m&amp;#27;[10D&amp;#27;[1mlist movies&amp;#27;[0m&amp;#27;[KThere are no movies at the moment&quot;" type="java.lang.AssertionError">java.lang.AssertionError: 
Expected: &quot;There are no movies at the moment&quot;
     but: was &quot;&amp;#27;[31ml&amp;#27;[0m&amp;#27;[31mi&amp;#27;[0m&amp;#27;[31ms&amp;#27;[0m&amp;#27;[31mt&amp;#27;[0m&amp;#27;[31m &amp;#27;[0m&amp;#27;[31mm&amp;#27;[0m&amp;#27;[31mo&amp;#27;[0m&amp;#27;[31mv&amp;#27;[0m&amp;#27;[31mi&amp;#27;[0m&amp;#27;[31me&amp;#27;[0m&amp;#27;[10D&amp;#27;[1mlist movies&amp;#27;[0m&amp;#27;[KThere are no movies at the moment&quot;
	at org.hamcrest.MatcherAssert.assertThat(MatcherAssert.java:20)
	at org.hamcrest.MatcherAssert.assertThat(MatcherAssert.java:8)
	at com.training.epam.ticketservice.at.GenericCliProcessStepDefs.theNextLineOfOutputContains(GenericCliProcessStepDefs.java:43)
	at ✽.the next line of the output is &quot;There are no movies at the moment&quot;(file:///C:/Users/Hp/Desktop/Beadandok/Java%20fejlesztes%20a%20gyakorlatban/epam-deik-java-dev/final/ticket-service-acceptance-tests/src/test/resources/features/movies.feature:27)
</failure>
  </testcase>
  <testcase classname="allows creating movie descriptions" name="an unauthenticated user can list movies" time="50.089">
    <failure message="
Expected: &quot;Sátántangó (drama, 450 minutes)&quot;
     but: was &quot;&amp;#27;[31ml&amp;#27;[0m&amp;#27;[31mi&amp;#27;[0m&amp;#27;[31ms&amp;#27;[0m&amp;#27;[31mt&amp;#27;[0m&amp;#27;[31m &amp;#27;[0m&amp;#27;[31mm&amp;#27;[0m&amp;#27;[31mo&amp;#27;[0m&amp;#27;[31mv&amp;#27;[0m&amp;#27;[31mi&amp;#27;[0m&amp;#27;[31me&amp;#27;[0m&amp;#27;[10D&amp;#27;[1mlist movies&amp;#27;[0m&amp;#27;[KSátántangó (drama, 450 minutes)&quot;" type="java.lang.AssertionError">java.lang.AssertionError: 
Expected: &quot;Sátántangó (drama, 450 minutes)&quot;
     but: was &quot;&amp;#27;[31ml&amp;#27;[0m&amp;#27;[31mi&amp;#27;[0m&amp;#27;[31ms&amp;#27;[0m&amp;#27;[31mt&amp;#27;[0m&amp;#27;[31m &amp;#27;[0m&amp;#27;[31mm&amp;#27;[0m&amp;#27;[31mo&amp;#27;[0m&amp;#27;[31mv&amp;#27;[0m&amp;#27;[31mi&amp;#27;[0m&amp;#27;[31me&amp;#27;[0m&amp;#27;[10D&amp;#27;[1mlist movies&amp;#27;[0m&amp;#27;[KSátántangó (drama, 450 minutes)&quot;
	at org.hamcrest.MatcherAssert.assertThat(MatcherAssert.java:20)
	at org.hamcrest.MatcherAssert.assertThat(MatcherAssert.java:8)
	at com.training.epam.ticketservice.at.GenericCliProcessStepDefs.theNextLineOfOutputContains(GenericCliProcessStepDefs.java:43)
	at ✽.the next line of the output is &quot;Sátántangó (drama, 450 minutes)&quot;(file:///C:/Users/Hp/Desktop/Beadandok/Java%20fejlesztes%20a%20gyakorlatban/epam-deik-java-dev/final/ticket-service-acceptance-tests/src/test/resources/features/movies.feature:35)
</failure>
  </testcase>
  <testcase classname="allow creating, reading, updating and deleting rooms where the screenings will happen" name="an admin user can create and list rooms" time="42.452">
    <failure message="
Expected: &quot;Room Pedersoli with 200 seats, 20 rows and 10 columns&quot;
     but: was &quot;&amp;#27;[31ml&amp;#27;[0m&amp;#27;[31mi&amp;#27;[0m&amp;#27;[31ms&amp;#27;[0m&amp;#27;[31mt&amp;#27;[0m&amp;#27;[31m &amp;#27;[0m&amp;#27;[31mr&amp;#27;[0m&amp;#27;[31mo&amp;#27;[0m&amp;#27;[31mo&amp;#27;[0m&amp;#27;[31mm&amp;#27;[0m&amp;#27;[9D&amp;#27;[1mlist rooms&amp;#27;[0m&amp;#27;[KRoom Pedersoli with 200 seats, 20 rows and 10 columns&quot;" type="java.lang.AssertionError">java.lang.AssertionError: 
Expected: &quot;Room Pedersoli with 200 seats, 20 rows and 10 columns&quot;
     but: was &quot;&amp;#27;[31ml&amp;#27;[0m&amp;#27;[31mi&amp;#27;[0m&amp;#27;[31ms&amp;#27;[0m&amp;#27;[31mt&amp;#27;[0m&amp;#27;[31m &amp;#27;[0m&amp;#27;[31mr&amp;#27;[0m&amp;#27;[31mo&amp;#27;[0m&amp;#27;[31mo&amp;#27;[0m&amp;#27;[31mm&amp;#27;[0m&amp;#27;[9D&amp;#27;[1mlist rooms&amp;#27;[0m&amp;#27;[KRoom Pedersoli with 200 seats, 20 rows and 10 columns&quot;
	at org.hamcrest.MatcherAssert.assertThat(MatcherAssert.java:20)
	at org.hamcrest.MatcherAssert.assertThat(MatcherAssert.java:8)
	at com.training.epam.ticketservice.at.GenericCliProcessStepDefs.theNextLineOfOutputContains(GenericCliProcessStepDefs.java:43)
	at ✽.the next line of the output is &quot;Room Pedersoli with 200 seats, 20 rows and 10 columns&quot;(file:///C:/Users/Hp/Desktop/Beadandok/Java%20fejlesztes%20a%20gyakorlatban/epam-deik-java-dev/final/ticket-service-acceptance-tests/src/test/resources/features/rooms.feature:12)
</failure>
  </testcase>
  <testcase classname="allow creating, reading, updating and deleting rooms where the screenings will happen" name="an admin user can update a room" time="69.033">
    <failure message="
Expected: &quot;Room Pedersoli with 100 seats, 10 rows and 10 columns&quot;
     but: was &quot;&amp;#27;[31ml&amp;#27;[0m&amp;#27;[31mi&amp;#27;[0m&amp;#27;[31ms&amp;#27;[0m&amp;#27;[31mt&amp;#27;[0m&amp;#27;[31m &amp;#27;[0m&amp;#27;[31mr&amp;#27;[0m&amp;#27;[31mo&amp;#27;[0m&amp;#27;[31mo&amp;#27;[0m&amp;#27;[31mm&amp;#27;[0m&amp;#27;[9D&amp;#27;[1mlist rooms&amp;#27;[0m&amp;#27;[KRoom Pedersoli with 100 seats, 10 rows and 10 columns&quot;" type="java.lang.AssertionError">java.lang.AssertionError: 
Expected: &quot;Room Pedersoli with 100 seats, 10 rows and 10 columns&quot;
     but: was &quot;&amp;#27;[31ml&amp;#27;[0m&amp;#27;[31mi&amp;#27;[0m&amp;#27;[31ms&amp;#27;[0m&amp;#27;[31mt&amp;#27;[0m&amp;#27;[31m &amp;#27;[0m&amp;#27;[31mr&amp;#27;[0m&amp;#27;[31mo&amp;#27;[0m&amp;#27;[31mo&amp;#27;[0m&amp;#27;[31mm&amp;#27;[0m&amp;#27;[9D&amp;#27;[1mlist rooms&amp;#27;[0m&amp;#27;[KRoom Pedersoli with 100 seats, 10 rows and 10 columns&quot;
	at org.hamcrest.MatcherAssert.assertThat(MatcherAssert.java:20)
	at org.hamcrest.MatcherAssert.assertThat(MatcherAssert.java:8)
	at com.training.epam.ticketservice.at.GenericCliProcessStepDefs.theNextLineOfOutputContains(GenericCliProcessStepDefs.java:43)
	at ✽.the next line of the output is &quot;Room Pedersoli with 100 seats, 10 rows and 10 columns&quot;(file:///C:/Users/Hp/Desktop/Beadandok/Java%20fejlesztes%20a%20gyakorlatban/epam-deik-java-dev/final/ticket-service-acceptance-tests/src/test/resources/features/rooms.feature:20)
</failure>
  </testcase>
  <testcase classname="allow creating, reading, updating and deleting rooms where the screenings will happen" name="an admin user can delete a room" time="53.912">
    <failure message="
Expected: &quot;There are no rooms at the moment&quot;
     but: was &quot;&amp;#27;[31ml&amp;#27;[0m&amp;#27;[31mi&amp;#27;[0m&amp;#27;[31ms&amp;#27;[0m&amp;#27;[31mt&amp;#27;[0m&amp;#27;[31m &amp;#27;[0m&amp;#27;[31mr&amp;#27;[0m&amp;#27;[31mo&amp;#27;[0m&amp;#27;[31mo&amp;#27;[0m&amp;#27;[31mm&amp;#27;[0m&amp;#27;[9D&amp;#27;[1mlist rooms&amp;#27;[0m&amp;#27;[KThere are no rooms at the moment&quot;" type="java.lang.AssertionError">java.lang.AssertionError: 
Expected: &quot;There are no rooms at the moment&quot;
     but: was &quot;&amp;#27;[31ml&amp;#27;[0m&amp;#27;[31mi&amp;#27;[0m&amp;#27;[31ms&amp;#27;[0m&amp;#27;[31mt&amp;#27;[0m&amp;#27;[31m &amp;#27;[0m&amp;#27;[31mr&amp;#27;[0m&amp;#27;[31mo&amp;#27;[0m&amp;#27;[31mo&amp;#27;[0m&amp;#27;[31mm&amp;#27;[0m&amp;#27;[9D&amp;#27;[1mlist rooms&amp;#27;[0m&amp;#27;[KThere are no rooms at the moment&quot;
	at org.hamcrest.MatcherAssert.assertThat(MatcherAssert.java:20)
	at org.hamcrest.MatcherAssert.assertThat(MatcherAssert.java:8)
	at com.training.epam.ticketservice.at.GenericCliProcessStepDefs.theNextLineOfOutputContains(GenericCliProcessStepDefs.java:43)
	at ✽.the next line of the output is &quot;There are no rooms at the moment&quot;(file:///C:/Users/Hp/Desktop/Beadandok/Java%20fejlesztes%20a%20gyakorlatban/epam-deik-java-dev/final/ticket-service-acceptance-tests/src/test/resources/features/rooms.feature:28)
</failure>
  </testcase>
  <testcase classname="allow creating, reading, updating and deleting rooms where the screenings will happen" name="an unauthenticated user can list rooms" time="57.074">
    <failure message="
Expected: &quot;Room Pedersoli with 200 seats, 20 rows and 10 columns&quot;
     but: was &quot;&amp;#27;[31ml&amp;#27;[0m&amp;#27;[31mi&amp;#27;[0m&amp;#27;[31ms&amp;#27;[0m&amp;#27;[31mt&amp;#27;[0m&amp;#27;[31m &amp;#27;[0m&amp;#27;[31mr&amp;#27;[0m&amp;#27;[31mo&amp;#27;[0m&amp;#27;[31mo&amp;#27;[0m&amp;#27;[31mm&amp;#27;[0m&amp;#27;[9D&amp;#27;[1mlist rooms&amp;#27;[0m&amp;#27;[KRoom Pedersoli with 200 seats, 20 rows and 10 columns&quot;" type="java.lang.AssertionError">java.lang.AssertionError: 
Expected: &quot;Room Pedersoli with 200 seats, 20 rows and 10 columns&quot;
     but: was &quot;&amp;#27;[31ml&amp;#27;[0m&amp;#27;[31mi&amp;#27;[0m&amp;#27;[31ms&amp;#27;[0m&amp;#27;[31mt&amp;#27;[0m&amp;#27;[31m &amp;#27;[0m&amp;#27;[31mr&amp;#27;[0m&amp;#27;[31mo&amp;#27;[0m&amp;#27;[31mo&amp;#27;[0m&amp;#27;[31mm&amp;#27;[0m&amp;#27;[9D&amp;#27;[1mlist rooms&amp;#27;[0m&amp;#27;[KRoom Pedersoli with 200 seats, 20 rows and 10 columns&quot;
	at org.hamcrest.MatcherAssert.assertThat(MatcherAssert.java:20)
	at org.hamcrest.MatcherAssert.assertThat(MatcherAssert.java:8)
	at com.training.epam.ticketservice.at.GenericCliProcessStepDefs.theNextLineOfOutputContains(GenericCliProcessStepDefs.java:43)
	at ✽.the next line of the output is &quot;Room Pedersoli with 200 seats, 20 rows and 10 columns&quot;(file:///C:/Users/Hp/Desktop/Beadandok/Java%20fejlesztes%20a%20gyakorlatban/epam-deik-java-dev/final/ticket-service-acceptance-tests/src/test/resources/features/rooms.feature:36)
</failure>
  </testcase>
  <testcase classname="allows creating, deleting and listing screenings" name="The admin user can create and query screenings" time="110.131">
    <failure message="
Expected: &quot;Sátántangó (drama, 450 minutes), screened in room Pedersoli, at 2021-03-15 10:45&quot;
     but: was &quot;&amp;#27;[31ml&amp;#27;[0m&amp;#27;[31mi&amp;#27;[0m&amp;#27;[31ms&amp;#27;[0m&amp;#27;[31mt&amp;#27;[0m&amp;#27;[31m &amp;#27;[0m&amp;#27;[31ms&amp;#27;[0m&amp;#27;[31mc&amp;#27;[0m&amp;#27;[31mr&amp;#27;[0m&amp;#27;[31me&amp;#27;[0m&amp;#27;[31me&amp;#27;[0m&amp;#27;[31mn&amp;#27;[0m&amp;#27;[31mi&amp;#27;[0m&amp;#27;[31mn&amp;#27;[0m&amp;#27;[31mg&amp;#27;[0m&amp;#27;[14D&amp;#27;[1mlist screenings&amp;#27;[0m&amp;#27;[KThere are no screenings&quot;" type="java.lang.AssertionError">java.lang.AssertionError: 
Expected: &quot;Sátántangó (drama, 450 minutes), screened in room Pedersoli, at 2021-03-15 10:45&quot;
     but: was &quot;&amp;#27;[31ml&amp;#27;[0m&amp;#27;[31mi&amp;#27;[0m&amp;#27;[31ms&amp;#27;[0m&amp;#27;[31mt&amp;#27;[0m&amp;#27;[31m &amp;#27;[0m&amp;#27;[31ms&amp;#27;[0m&amp;#27;[31mc&amp;#27;[0m&amp;#27;[31mr&amp;#27;[0m&amp;#27;[31me&amp;#27;[0m&amp;#27;[31me&amp;#27;[0m&amp;#27;[31mn&amp;#27;[0m&amp;#27;[31mi&amp;#27;[0m&amp;#27;[31mn&amp;#27;[0m&amp;#27;[31mg&amp;#27;[0m&amp;#27;[14D&amp;#27;[1mlist screenings&amp;#27;[0m&amp;#27;[KThere are no screenings&quot;
	at org.hamcrest.MatcherAssert.assertThat(MatcherAssert.java:20)
	at org.hamcrest.MatcherAssert.assertThat(MatcherAssert.java:8)
	at com.training.epam.ticketservice.at.GenericCliProcessStepDefs.theNextLineOfOutputContains(GenericCliProcessStepDefs.java:43)
	at ✽.the next line of the output is &quot;Sátántangó (drama, 450 minutes), screened in room Pedersoli, at 2021-03-15 10:45&quot;(file:///C:/Users/Hp/Desktop/Beadandok/Java%20fejlesztes%20a%20gyakorlatban/epam-deik-java-dev/final/ticket-service-acceptance-tests/src/test/resources/features/screenings.feature:18)
</failure>
  </testcase>
  <testcase classname="allows creating, deleting and listing screenings" name="The admin can not create overlapping screenings in the same room" time="116.634">
    <failure message="
Expected: &quot;There is an overlapping screening&quot;
     but: was &quot;&amp;#27;[31mc&amp;#27;[0m&amp;#27;[31mr&amp;#27;[0m&amp;#27;[31me&amp;#27;[0m&amp;#27;[31ma&amp;#27;[0m&amp;#27;[31mt&amp;#27;[0m&amp;#27;[31me&amp;#27;[0m&amp;#27;[31m &amp;#27;[0m&amp;#27;[31ms&amp;#27;[0m&amp;#27;[31mc&amp;#27;[0m&amp;#27;[31mr&amp;#27;[0m&amp;#27;[31me&amp;#27;[0m&amp;#27;[31me&amp;#27;[0m&amp;#27;[31mn&amp;#27;[0m&amp;#27;[31mi&amp;#27;[0m&amp;#27;[31mn&amp;#27;[0m&amp;#27;[15D&amp;#27;[1mcreate screening&amp;#27;[0m&amp;#27;[K \&quot;Spirited Away\&quot; Pedersoli \&quot;2021-03-15 10:50\&quot;&amp;#27;[31mText &apos;2021-03-15 10:50&apos; could not be parsed: Unable to obtain LocalDateTime from TemporalAccessor: {MonthOfYear=3, HourOfAmPm=10, WeekBasedYear[WeekFields[MONDAY,4]]=2021, MinuteOfHour=50, DayOfYear=15},ISO of type java.time.format.Parsed&amp;#27;[0m&quot;" type="java.lang.AssertionError">java.lang.AssertionError: 
Expected: &quot;There is an overlapping screening&quot;
     but: was &quot;&amp;#27;[31mc&amp;#27;[0m&amp;#27;[31mr&amp;#27;[0m&amp;#27;[31me&amp;#27;[0m&amp;#27;[31ma&amp;#27;[0m&amp;#27;[31mt&amp;#27;[0m&amp;#27;[31me&amp;#27;[0m&amp;#27;[31m &amp;#27;[0m&amp;#27;[31ms&amp;#27;[0m&amp;#27;[31mc&amp;#27;[0m&amp;#27;[31mr&amp;#27;[0m&amp;#27;[31me&amp;#27;[0m&amp;#27;[31me&amp;#27;[0m&amp;#27;[31mn&amp;#27;[0m&amp;#27;[31mi&amp;#27;[0m&amp;#27;[31mn&amp;#27;[0m&amp;#27;[15D&amp;#27;[1mcreate screening&amp;#27;[0m&amp;#27;[K \&quot;Spirited Away\&quot; Pedersoli \&quot;2021-03-15 10:50\&quot;&amp;#27;[31mText &apos;2021-03-15 10:50&apos; could not be parsed: Unable to obtain LocalDateTime from TemporalAccessor: {MonthOfYear=3, HourOfAmPm=10, WeekBasedYear[WeekFields[MONDAY,4]]=2021, MinuteOfHour=50, DayOfYear=15},ISO of type java.time.format.Parsed&amp;#27;[0m&quot;
	at org.hamcrest.MatcherAssert.assertThat(MatcherAssert.java:20)
	at org.hamcrest.MatcherAssert.assertThat(MatcherAssert.java:8)
	at com.training.epam.ticketservice.at.GenericCliProcessStepDefs.theNextLineOfOutputContains(GenericCliProcessStepDefs.java:43)
	at ✽.the next line of the output is &quot;There is an overlapping screening&quot;(file:///C:/Users/Hp/Desktop/Beadandok/Java%20fejlesztes%20a%20gyakorlatban/epam-deik-java-dev/final/ticket-service-acceptance-tests/src/test/resources/features/screenings.feature:26)
</failure>
  </testcase>
  <testcase classname="allows creating, deleting and listing screenings" name="The admin can create overlapping screenings in different rooms" time="109.04">
    <failure message="
Expected: &quot;Sátántangó (drama, 450 minutes), screened in room Pedersoli, at 2021-03-15 10:45&quot;
     but: was &quot;&amp;#27;[31ml&amp;#27;[0m&amp;#27;[31mi&amp;#27;[0m&amp;#27;[31ms&amp;#27;[0m&amp;#27;[31mt&amp;#27;[0m&amp;#27;[31m &amp;#27;[0m&amp;#27;[31ms&amp;#27;[0m&amp;#27;[31mc&amp;#27;[0m&amp;#27;[31mr&amp;#27;[0m&amp;#27;[31me&amp;#27;[0m&amp;#27;[31me&amp;#27;[0m&amp;#27;[31mn&amp;#27;[0m&amp;#27;[31mi&amp;#27;[0m&amp;#27;[31mn&amp;#27;[0m&amp;#27;[31mg&amp;#27;[0m&amp;#27;[14D&amp;#27;[1mlist screenings&amp;#27;[0m&amp;#27;[KThere are no screenings&quot;" type="java.lang.AssertionError">java.lang.AssertionError: 
Expected: &quot;Sátántangó (drama, 450 minutes), screened in room Pedersoli, at 2021-03-15 10:45&quot;
     but: was &quot;&amp;#27;[31ml&amp;#27;[0m&amp;#27;[31mi&amp;#27;[0m&amp;#27;[31ms&amp;#27;[0m&amp;#27;[31mt&amp;#27;[0m&amp;#27;[31m &amp;#27;[0m&amp;#27;[31ms&amp;#27;[0m&amp;#27;[31mc&amp;#27;[0m&amp;#27;[31mr&amp;#27;[0m&amp;#27;[31me&amp;#27;[0m&amp;#27;[31me&amp;#27;[0m&amp;#27;[31mn&amp;#27;[0m&amp;#27;[31mi&amp;#27;[0m&amp;#27;[31mn&amp;#27;[0m&amp;#27;[31mg&amp;#27;[0m&amp;#27;[14D&amp;#27;[1mlist screenings&amp;#27;[0m&amp;#27;[KThere are no screenings&quot;
	at org.hamcrest.MatcherAssert.assertThat(MatcherAssert.java:20)
	at org.hamcrest.MatcherAssert.assertThat(MatcherAssert.java:8)
	at com.training.epam.ticketservice.at.GenericCliProcessStepDefs.theNextLineOfOutputContains(GenericCliProcessStepDefs.java:43)
	at ✽.the next line of the output is &quot;Sátántangó (drama, 450 minutes), screened in room Pedersoli, at 2021-03-15 10:45&quot;(file:///C:/Users/Hp/Desktop/Beadandok/Java%20fejlesztes%20a%20gyakorlatban/epam-deik-java-dev/final/ticket-service-acceptance-tests/src/test/resources/features/screenings.feature:36)
</failure>
  </testcase>
  <testcase classname="allows creating, deleting and listing screenings" name="The admin can not create screenings during a 10 minute long breaks after another screening in the same room" time="99.18">
    <failure message="
Expected: &quot;This would start in the break period after another screening in this room&quot;
     but: was &quot;&amp;#27;[31mc&amp;#27;[0m&amp;#27;[31mr&amp;#27;[0m&amp;#27;[31me&amp;#27;[0m&amp;#27;[31ma&amp;#27;[0m&amp;#27;[31mt&amp;#27;[0m&amp;#27;[31me&amp;#27;[0m&amp;#27;[31m &amp;#27;[0m&amp;#27;[31ms&amp;#27;[0m&amp;#27;[31mc&amp;#27;[0m&amp;#27;[31mr&amp;#27;[0m&amp;#27;[31me&amp;#27;[0m&amp;#27;[31me&amp;#27;[0m&amp;#27;[31mn&amp;#27;[0m&amp;#27;[31mi&amp;#27;[0m&amp;#27;[31mn&amp;#27;[0m&amp;#27;[15D&amp;#27;[1mcreate screening&amp;#27;[0m&amp;#27;[K \&quot;Spirited Away\&quot; Pedersoli \&quot;2021-03-15 18:39\&quot;&amp;#27;[31mText &apos;2021-03-15 18:39&apos; could not be parsed: Invalid value for ClockHourOfAmPm (valid values 1 - 12): 18&amp;#27;[0m&quot;" type="java.lang.AssertionError">java.lang.AssertionError: 
Expected: &quot;This would start in the break period after another screening in this room&quot;
     but: was &quot;&amp;#27;[31mc&amp;#27;[0m&amp;#27;[31mr&amp;#27;[0m&amp;#27;[31me&amp;#27;[0m&amp;#27;[31ma&amp;#27;[0m&amp;#27;[31mt&amp;#27;[0m&amp;#27;[31me&amp;#27;[0m&amp;#27;[31m &amp;#27;[0m&amp;#27;[31ms&amp;#27;[0m&amp;#27;[31mc&amp;#27;[0m&amp;#27;[31mr&amp;#27;[0m&amp;#27;[31me&amp;#27;[0m&amp;#27;[31me&amp;#27;[0m&amp;#27;[31mn&amp;#27;[0m&amp;#27;[31mi&amp;#27;[0m&amp;#27;[31mn&amp;#27;[0m&amp;#27;[15D&amp;#27;[1mcreate screening&amp;#27;[0m&amp;#27;[K \&quot;Spirited Away\&quot; Pedersoli \&quot;2021-03-15 18:39\&quot;&amp;#27;[31mText &apos;2021-03-15 18:39&apos; could not be parsed: Invalid value for ClockHourOfAmPm (valid values 1 - 12): 18&amp;#27;[0m&quot;
	at org.hamcrest.MatcherAssert.assertThat(MatcherAssert.java:20)
	at org.hamcrest.MatcherAssert.assertThat(MatcherAssert.java:8)
	at com.training.epam.ticketservice.at.GenericCliProcessStepDefs.theNextLineOfOutputContains(GenericCliProcessStepDefs.java:43)
	at ✽.the next line of the output is &quot;This would start in the break period after another screening in this room&quot;(file:///C:/Users/Hp/Desktop/Beadandok/Java%20fejlesztes%20a%20gyakorlatban/epam-deik-java-dev/final/ticket-service-acceptance-tests/src/test/resources/features/screenings.feature:44)
</failure>
  </testcase>
  <testcase classname="allows creating, deleting and listing screenings" name="The admin can create screenings even if there is a break after a screening in a different room" time="108.935">
    <failure message="
Expected: &quot;Sátántangó (drama, 450 minutes), screened in room Pedersoli, at 2021-03-15 11:00&quot;
     but: was &quot;&amp;#27;[31ml&amp;#27;[0m&amp;#27;[31mi&amp;#27;[0m&amp;#27;[31ms&amp;#27;[0m&amp;#27;[31mt&amp;#27;[0m&amp;#27;[31m &amp;#27;[0m&amp;#27;[31ms&amp;#27;[0m&amp;#27;[31mc&amp;#27;[0m&amp;#27;[31mr&amp;#27;[0m&amp;#27;[31me&amp;#27;[0m&amp;#27;[31me&amp;#27;[0m&amp;#27;[31mn&amp;#27;[0m&amp;#27;[31mi&amp;#27;[0m&amp;#27;[31mn&amp;#27;[0m&amp;#27;[31mg&amp;#27;[0m&amp;#27;[14D&amp;#27;[1mlist screenings&amp;#27;[0m&amp;#27;[KThere are no screenings&quot;" type="java.lang.AssertionError">java.lang.AssertionError: 
Expected: &quot;Sátántangó (drama, 450 minutes), screened in room Pedersoli, at 2021-03-15 11:00&quot;
     but: was &quot;&amp;#27;[31ml&amp;#27;[0m&amp;#27;[31mi&amp;#27;[0m&amp;#27;[31ms&amp;#27;[0m&amp;#27;[31mt&amp;#27;[0m&amp;#27;[31m &amp;#27;[0m&amp;#27;[31ms&amp;#27;[0m&amp;#27;[31mc&amp;#27;[0m&amp;#27;[31mr&amp;#27;[0m&amp;#27;[31me&amp;#27;[0m&amp;#27;[31me&amp;#27;[0m&amp;#27;[31mn&amp;#27;[0m&amp;#27;[31mi&amp;#27;[0m&amp;#27;[31mn&amp;#27;[0m&amp;#27;[31mg&amp;#27;[0m&amp;#27;[14D&amp;#27;[1mlist screenings&amp;#27;[0m&amp;#27;[KThere are no screenings&quot;
	at org.hamcrest.MatcherAssert.assertThat(MatcherAssert.java:20)
	at org.hamcrest.MatcherAssert.assertThat(MatcherAssert.java:8)
	at com.training.epam.ticketservice.at.GenericCliProcessStepDefs.theNextLineOfOutputContains(GenericCliProcessStepDefs.java:43)
	at ✽.the next line of the output is &quot;Sátántangó (drama, 450 minutes), screened in room Pedersoli, at 2021-03-15 11:00&quot;(file:///C:/Users/Hp/Desktop/Beadandok/Java%20fejlesztes%20a%20gyakorlatban/epam-deik-java-dev/final/ticket-service-acceptance-tests/src/test/resources/features/screenings.feature:54)
</failure>
  </testcase>
  <testcase classname="allows creating, deleting and listing screenings" name="The admin user can delete screenings" time="113.682">
    <failure message="
Expected: &quot;There are no screenings&quot;
     but: was &quot;&amp;#27;[31ml&amp;#27;[0m&amp;#27;[31mi&amp;#27;[0m&amp;#27;[31ms&amp;#27;[0m&amp;#27;[31mt&amp;#27;[0m&amp;#27;[31m &amp;#27;[0m&amp;#27;[31ms&amp;#27;[0m&amp;#27;[31mc&amp;#27;[0m&amp;#27;[31mr&amp;#27;[0m&amp;#27;[31me&amp;#27;[0m&amp;#27;[31me&amp;#27;[0m&amp;#27;[31mn&amp;#27;[0m&amp;#27;[31mi&amp;#27;[0m&amp;#27;[31mn&amp;#27;[0m&amp;#27;[31mg&amp;#27;[0m&amp;#27;[14D&amp;#27;[1mlist screenings&amp;#27;[0m&amp;#27;[KThere are no screenings&quot;" type="java.lang.AssertionError">java.lang.AssertionError: 
Expected: &quot;There are no screenings&quot;
     but: was &quot;&amp;#27;[31ml&amp;#27;[0m&amp;#27;[31mi&amp;#27;[0m&amp;#27;[31ms&amp;#27;[0m&amp;#27;[31mt&amp;#27;[0m&amp;#27;[31m &amp;#27;[0m&amp;#27;[31ms&amp;#27;[0m&amp;#27;[31mc&amp;#27;[0m&amp;#27;[31mr&amp;#27;[0m&amp;#27;[31me&amp;#27;[0m&amp;#27;[31me&amp;#27;[0m&amp;#27;[31mn&amp;#27;[0m&amp;#27;[31mi&amp;#27;[0m&amp;#27;[31mn&amp;#27;[0m&amp;#27;[31mg&amp;#27;[0m&amp;#27;[14D&amp;#27;[1mlist screenings&amp;#27;[0m&amp;#27;[KThere are no screenings&quot;
	at org.hamcrest.MatcherAssert.assertThat(MatcherAssert.java:20)
	at org.hamcrest.MatcherAssert.assertThat(MatcherAssert.java:8)
	at com.training.epam.ticketservice.at.GenericCliProcessStepDefs.theNextLineOfOutputContains(GenericCliProcessStepDefs.java:43)
	at ✽.the next line of the output is &quot;There are no screenings&quot;(file:///C:/Users/Hp/Desktop/Beadandok/Java%20fejlesztes%20a%20gyakorlatban/epam-deik-java-dev/final/ticket-service-acceptance-tests/src/test/resources/features/screenings.feature:63)
</failure>
  </testcase>
</testsuite>